<?xml version="1.0" encoding="UTF-8"?>
<testsuite xmlns:xsi="http://www.w3.org/2001/XMLSchema-instance" xsi:noNamespaceSchemaLocation="https://maven.apache.org/surefire/maven-surefire-plugin/xsd/surefire-test-report.xsd" version="3.0.2" name="com.klef.fsad.exam.FsadInsemExam1ApplicationTests" time="1.588" tests="1" errors="0" skipped="0" failures="0">
  <properties>
[...]
</properties>
  <testcase name="contextLoads" classname="com.klef.fsad.exam.FsadInsemExam1ApplicationTests" time="0.246">
    <system-out><![CDATA[11:18:16.672 [main] INFO org.springframework.test.context.support.AnnotationConfigContextLoaderUtils -- Could not detect default configuration classes for test class [com.klef.fsad.exam.FsadInsemExam1ApplicationTests]: FsadInsemExam1ApplicationTests does not declare any static, non-private, non-final, nested classes annotated with @Configuration.
11:18:16.705 [main] INFO org.springframework.boot.test.context.SpringBootTestContextBootstrapper -- Found @SpringBootConfiguration com.klef.fsad.exam.FsadInsemExam1Application for test class com.klef.fsad.exam.FsadInsemExam1ApplicationTests

  .   ____          _            __ _ _
 /\\ / ___'_ __ _ _(_)_ __  __ _ \ \ \ \
( ( )\___ | '_ | '_| | '_ \/ _` | \ \ \ \
 \\/  ___)| |_)| | | | | || (_| |  ) ) ) )
  '  |____| .__|_| |_|_| |_\__, | / / / /
 =========|_|==============|___/=/_/_/_/

 :: Spring Boot ::                (v3.4.3)

2026-03-11T11:18:16.834+05:30  INFO 6255 --- [2400033275_FSAD_INSEM_EXAM_1] [           main] c.k.f.e.FsadInsemExam1ApplicationTests   : Starting FsadInsemExam1ApplicationTests using Java 21.0.7 with PID 6255 (started by avinashreddypadala in /Users/avinashreddypadala/FULL STACK SKILL/FS_LAB_EXAM/2400033275_FSAD_INSEM_EXAM_1)
2026-03-11T11:18:16.835+05:30  INFO 6255 --- [2400033275_FSAD_INSEM_EXAM_1] [           main] c.k.f.e.FsadInsemExam1ApplicationTests   : No active profile set, falling back to 1 default profile: "default"
2026-03-11T11:18:17.029+05:30  INFO 6255 --- [2400033275_FSAD_INSEM_EXAM_1] [           main] .s.d.r.c.RepositoryConfigurationDelegate : Bootstrapping Spring Data JPA repositories in DEFAULT mode.
2026-03-11T11:18:17.047+05:30  INFO 6255 --- [2400033275_FSAD_INSEM_EXAM_1] [           main] .s.d.r.c.RepositoryConfigurationDelegate : Finished Spring Data repository scanning in 14 ms. Found 1 JPA repository interface.
2026-03-11T11:18:17.176+05:30  INFO 6255 --- [2400033275_FSAD_INSEM_EXAM_1] [           main] o.hibernate.jpa.internal.util.LogHelper  : HHH000204: Processing PersistenceUnitInfo [name: default]
2026-03-11T11:18:17.194+05:30  INFO 6255 --- [2400033275_FSAD_INSEM_EXAM_1] [           main] org.hibernate.Version                    : HHH000412: Hibernate ORM core version 6.6.8.Final
2026-03-11T11:18:17.203+05:30  INFO 6255 --- [2400033275_FSAD_INSEM_EXAM_1] [           main] o.h.c.internal.RegionFactoryInitiator    : HHH000026: Second-level cache disabled
2026-03-11T11:18:17.291+05:30  INFO 6255 --- [2400033275_FSAD_INSEM_EXAM_1] [           main] o.s.o.j.p.SpringPersistenceUnitInfo      : No LoadTimeWeaver setup: ignoring JPA class transformer
2026-03-11T11:18:17.299+05:30  INFO 6255 --- [2400033275_FSAD_INSEM_EXAM_1] [           main] com.zaxxer.hikari.HikariDataSource       : HikariPool-1 - Starting...
2026-03-11T11:18:17.425+05:30  INFO 6255 --- [2400033275_FSAD_INSEM_EXAM_1] [           main] com.zaxxer.hikari.pool.HikariPool        : HikariPool-1 - Added connection com.mysql.cj.jdbc.ConnectionImpl@5a466dd
2026-03-11T11:18:17.426+05:30  INFO 6255 --- [2400033275_FSAD_INSEM_EXAM_1] [           main] com.zaxxer.hikari.HikariDataSource       : HikariPool-1 - Start completed.
2026-03-11T11:18:17.454+05:30  INFO 6255 --- [2400033275_FSAD_INSEM_EXAM_1] [           main] org.hibernate.orm.connections.pooling    : HHH10001005: Database info:
	Database JDBC URL [Connecting through datasource 'HikariDataSource (HikariPool-1)']
	Database driver: undefined/unknown
	Database version: 9.5
	Autocommit mode: undefined/unknown
	Isolation level: undefined/unknown
	Minimum pool size: undefined/unknown
	Maximum pool size: undefined/unknown
2026-03-11T11:18:17.711+05:30  INFO 6255 --- [2400033275_FSAD_INSEM_EXAM_1] [           main] o.h.e.t.j.p.i.JtaPlatformInitiator       : HHH000489: No JTA platform available (set 'hibernate.transaction.jta.platform' to enable JTA platform integration)
2026-03-11T11:18:17.734+05:30  INFO 6255 --- [2400033275_FSAD_INSEM_EXAM_1] [           main] j.LocalContainerEntityManagerFactoryBean : Initialized JPA EntityManagerFactory for persistence unit 'default'
2026-03-11T11:18:17.956+05:30  INFO 6255 --- [2400033275_FSAD_INSEM_EXAM_1] [           main] c.k.f.e.FsadInsemExam1ApplicationTests   : Started FsadInsemExam1ApplicationTests in 1.203 seconds (process running for 1.495)
]]></system-out>
    <system-err><![CDATA[Mockito is currently self-attaching to enable the inline-mock-maker. This will no longer work in future releases of the JDK. Please add Mockito as an agent to your build what is described in Mockito's documentation: https://javadoc.io/doc/org.mockito/mockito-core/latest/org/mockito/Mockito.html#0.3
WARNING: A Java agent has been loaded dynamically (/Users/avinashreddypadala/.m2/repository/net/bytebuddy/byte-buddy-agent/1.15.11/byte-buddy-agent-1.15.11.jar)
WARNING: If a serviceability tool is in use, please run with -XX:+EnableDynamicAgentLoading to hide this warning
WARNING: If a serviceability tool is not in use, please run with -Djdk.instrument.traceUsage for more information
WARNING: Dynamic loading of agents will be disallowed by default in a future release
]]></system-err>
  </testcase>
</testsuite>